{"uid":"a7bc774183c4394b","name":"Invalid bearer token should return 401","fullName":"tests.test_authentication.TestBearerTokenAuth#test_invalid_bearer_token_returns_401","historyId":"6cdaf3ad33313b8297d4b22ef38680a3","time":{"start":1764341712049,"stop":1764341712051,"duration":2},"description":"Test that invalid Bearer token returns 401 Unauthorized on write operations.","descriptionHtml":"<p>Test that invalid Bearer token returns 401 Unauthorized on write operations.</p>\n","status":"passed","flaky":false,"newFailed":false,"newBroken":false,"newPassed":true,"retriesCount":0,"retriesStatusChange":false,"beforeStages":[{"name":"_session_faker","time":{"start":1764341711487,"stop":1764341711488,"duration":1},"status":"passed","steps":[],"attachments":[],"parameters":[],"stepsCount":0,"shouldDisplayMessage":false,"attachmentsCount":0,"hasContent":false,"attachmentStep":false},{"name":"mock_api_if_needed","time":{"start":1764341712025,"stop":1764341712027,"duration":2},"status":"passed","steps":[],"attachments":[],"parameters":[],"stepsCount":0,"shouldDisplayMessage":false,"attachmentsCount":0,"hasContent":false,"attachmentStep":false},{"name":"invalid_bearer_client","time":{"start":1764341712027,"stop":1764341712048,"duration":21},"status":"passed","steps":[],"attachments":[],"parameters":[],"stepsCount":0,"shouldDisplayMessage":false,"attachmentsCount":0,"hasContent":false,"attachmentStep":false},{"name":"rate_limit_delay","time":{"start":1764341712027,"stop":1764341712027,"duration":0},"status":"passed","steps":[],"attachments":[],"parameters":[],"stepsCount":0,"shouldDisplayMessage":false,"attachmentsCount":0,"hasContent":false,"attachmentStep":false},{"name":"reset_mock_state","time":{"start":1764341712027,"stop":1764341712027,"duration":0},"status":"passed","steps":[],"attachments":[],"parameters":[],"stepsCount":0,"shouldDisplayMessage":false,"attachmentsCount":0,"hasContent":false,"attachmentStep":false}],"testStage":{"description":"Test that invalid Bearer token returns 401 Unauthorized on write operations.","status":"passed","steps":[{"name":"Creating user","time":{"start":1764341712050,"stop":1764341712050,"duration":0},"status":"passed","steps":[{"name":"Making POST request to \"'/users'\"","time":{"start":1764341712050,"stop":1764341712050,"duration":0},"status":"passed","steps":[],"attachments":[],"parameters":[{"name":"url","value":"'/users'"},{"name":"json","value":"{'name': 'HNtG6ArlTDn5u', 'email': 'robert74@example.org', 'gender': 'female', 'status': 'active'}"}],"stepsCount":0,"shouldDisplayMessage":false,"attachmentsCount":0,"hasContent":true,"attachmentStep":false}],"attachments":[],"parameters":[{"name":"payload","value":"UpdateUser(name='HNtG6ArlTDn5u', email='robert74@example.org', gender='female', status='active')"}],"stepsCount":1,"shouldDisplayMessage":false,"attachmentsCount":0,"hasContent":true,"attachmentStep":false},{"name":"Checking that \"Response status code\" equals to \"401\"","time":{"start":1764341712051,"stop":1764341712051,"duration":0},"status":"passed","steps":[],"attachments":[],"parameters":[],"stepsCount":0,"shouldDisplayMessage":false,"attachmentsCount":0,"hasContent":false,"attachmentStep":false}],"attachments":[{"uid":"ac241e7598b5f646","name":"stdout","source":"ac241e7598b5f646.txt","type":"text/plain","size":23}],"parameters":[],"stepsCount":3,"shouldDisplayMessage":false,"attachmentsCount":1,"hasContent":true,"attachmentStep":false},"afterStages":[{"name":"rate_limit_delay::0","time":{"start":1764341712051,"stop":1764341712551,"duration":500},"status":"passed","steps":[],"attachments":[],"parameters":[],"stepsCount":0,"shouldDisplayMessage":false,"attachmentsCount":0,"hasContent":false,"attachmentStep":false},{"name":"mock_api_if_needed::0","time":{"start":1764341712552,"stop":1764341712552,"duration":0},"status":"passed","steps":[],"attachments":[],"parameters":[],"stepsCount":0,"shouldDisplayMessage":false,"attachmentsCount":0,"hasContent":false,"attachmentStep":false},{"name":"reset_mock_state::0","time":{"start":1764341712552,"stop":1764341712552,"duration":0},"status":"passed","steps":[],"attachments":[],"parameters":[],"stepsCount":0,"shouldDisplayMessage":false,"attachmentsCount":0,"hasContent":false,"attachmentStep":false}],"labels":[{"name":"story","value":"Bearer Token Auth"},{"name":"feature","value":"Authentication"},{"name":"tag","value":"authentication"},{"name":"parentSuite","value":"tests"},{"name":"suite","value":"test_authentication"},{"name":"subSuite","value":"TestBearerTokenAuth"},{"name":"host","value":"runnervmg1sw1"},{"name":"thread","value":"2143-MainThread"},{"name":"framework","value":"pytest"},{"name":"language","value":"cpython3"},{"name":"package","value":"tests.test_authentication"},{"name":"resultFormat","value":"allure2"}],"parameters":[],"links":[],"hidden":false,"retry":false,"extra":{"severity":"normal","retries":[],"categories":[],"history":{"statistic":{"failed":2,"broken":0,"skipped":0,"passed":1,"unknown":0,"total":3},"items":[{"uid":"78154614306b9c66","reportUrl":"https://mhgolestan.github.io/gorest-api-pytest/41/#testresult/78154614306b9c66","status":"failed","statusDetails":"AssertionError: \n        Checking: Response status code\n        Expected: 401 <enum 'HTTPStatus'>\n        Actual: 201 <class 'int'>\n        \n        Expression: assert 401 AssertionTypes.EQUAL 201","time":{"start":1764341031150,"stop":1764341031152,"duration":2}},{"uid":"d4d55c9e2edadd9","reportUrl":"https://mhgolestan.github.io/gorest-api-pytest/40/#testresult/d4d55c9e2edadd9","status":"failed","statusDetails":"AssertionError: \n        Checking: Response status code\n        Expected: 401 <enum 'HTTPStatus'>\n        Actual: 201 <class 'int'>\n        \n        Expression: assert 401 AssertionTypes.EQUAL 201","time":{"start":1764341023146,"stop":1764341023148,"duration":2}}]},"tags":["authentication"]},"source":"a7bc774183c4394b.json","parameterValues":[]}